This file contains any messages produced by compilers while
running configure, to aid debugging if configure makes a mistake.

It was created by detect-marker configure 0.0.0, which was
generated by GNU Autoconf 2.69.  Invocation command line was

  $ ./configure 

## --------- ##
## Platform. ##
## --------- ##

hostname = baley
uname -m = x86_64
uname -r = 3.11-0.bpo.2-amd64
uname -s = Linux
uname -v = #1 SMP Debian 3.11.8-1~bpo70+1 (2013-11-21)

/usr/bin/uname -p = unknown
/bin/uname -X     = unknown

/bin/arch              = unknown
/usr/bin/arch -k       = unknown
/usr/convex/getsysinfo = unknown
/usr/bin/hostinfo      = unknown
/bin/machine           = unknown
/usr/bin/oslevel       = unknown
/bin/universe          = unknown

PATH: /usr/local/bin
PATH: /usr/bin
PATH: /bin
PATH: /usr/local/games
PATH: /usr/games


## ----------- ##
## Core tests. ##
## ----------- ##

configure:2401: checking for a BSD-compatible install
configure:2469: result: /usr/bin/install -c
configure:2480: checking whether build environment is sane
configure:2530: result: yes
configure:2671: checking for a thread-safe mkdir -p
configure:2710: result: /bin/mkdir -p
configure:2723: checking for gawk
configure:2753: result: no
configure:2723: checking for mawk
configure:2739: found /usr/bin/mawk
configure:2750: result: mawk
configure:2761: checking whether make sets $(MAKE)
configure:2783: result: yes
configure:2881: checking for style of include used by make
configure:2909: result: GNU
configure:2980: checking for gcc
configure:2996: found /usr/bin/gcc
configure:3007: result: gcc
configure:3236: checking for C compiler version
configure:3245: gcc --version >&5
gcc (Debian 4.7.2-5) 4.7.2
Copyright (C) 2012 Free Software Foundation, Inc.
This is free software; see the source for copying conditions.  There is NO
warranty; not even for MERCHANTABILITY or FITNESS FOR A PARTICULAR PURPOSE.

configure:3256: $? = 0
configure:3245: gcc -v >&5
Using built-in specs.
COLLECT_GCC=gcc
COLLECT_LTO_WRAPPER=/usr/lib/gcc/x86_64-linux-gnu/4.7/lto-wrapper
Target: x86_64-linux-gnu
Configured with: ../src/configure -v --with-pkgversion='Debian 4.7.2-5' --with-bugurl=file:///usr/share/doc/gcc-4.7/README.Bugs --enable-languages=c,c++,go,fortran,objc,obj-c++ --prefix=/usr --program-suffix=-4.7 --enable-shared --enable-linker-build-id --with-system-zlib --libexecdir=/usr/lib --without-included-gettext --enable-threads=posix --with-gxx-include-dir=/usr/include/c++/4.7 --libdir=/usr/lib --enable-nls --with-sysroot=/ --enable-clocale=gnu --enable-libstdcxx-debug --enable-libstdcxx-time=yes --enable-gnu-unique-object --enable-plugin --enable-objc-gc --with-arch-32=i586 --with-tune=generic --enable-checking=release --build=x86_64-linux-gnu --host=x86_64-linux-gnu --target=x86_64-linux-gnu
Thread model: posix
gcc version 4.7.2 (Debian 4.7.2-5) 
configure:3256: $? = 0
configure:3245: gcc -V >&5
gcc: error: unrecognized command line option '-V'
gcc: fatal error: no input files
compilation terminated.
configure:3256: $? = 4
configure:3245: gcc -qversion >&5
gcc: error: unrecognized command line option '-qversion'
gcc: fatal error: no input files
compilation terminated.
configure:3256: $? = 4
configure:3276: checking whether the C compiler works
configure:3298: gcc    conftest.c  >&5
configure:3302: $? = 0
configure:3350: result: yes
configure:3353: checking for C compiler default output file name
configure:3355: result: a.out
configure:3361: checking for suffix of executables
configure:3368: gcc -o conftest    conftest.c  >&5
configure:3372: $? = 0
configure:3394: result: 
configure:3416: checking whether we are cross compiling
configure:3424: gcc -o conftest    conftest.c  >&5
configure:3428: $? = 0
configure:3435: ./conftest
configure:3439: $? = 0
configure:3454: result: no
configure:3459: checking for suffix of object files
configure:3481: gcc -c   conftest.c >&5
configure:3485: $? = 0
configure:3506: result: o
configure:3510: checking whether we are using the GNU C compiler
configure:3529: gcc -c   conftest.c >&5
configure:3529: $? = 0
configure:3538: result: yes
configure:3547: checking whether gcc accepts -g
configure:3567: gcc -c -g  conftest.c >&5
configure:3567: $? = 0
configure:3608: result: yes
configure:3625: checking for gcc option to accept ISO C89
configure:3688: gcc  -c -g -O2  conftest.c >&5
configure:3688: $? = 0
configure:3701: result: none needed
configure:3723: checking dependency style of gcc
configure:3834: result: gcc3
configure:3855: checking how to run the C preprocessor
configure:3886: gcc -E  conftest.c
configure:3886: $? = 0
configure:3900: gcc -E  conftest.c
conftest.c:11:28: fatal error: ac_nonexistent.h: No such file or directory
compilation terminated.
configure:3900: $? = 1
configure: failed program was:
| /* confdefs.h */
| #define PACKAGE_NAME "detect-marker"
| #define PACKAGE_TARNAME "detect-marker"
| #define PACKAGE_VERSION "0.0.0"
| #define PACKAGE_STRING "detect-marker 0.0.0"
| #define PACKAGE_BUGREPORT "hbenamor@cc.gatech.edu"
| #define PACKAGE_URL ""
| #define PACKAGE "detect-marker"
| #define VERSION "0.0.0"
| /* end confdefs.h.  */
| #include <ac_nonexistent.h>
configure:3925: result: gcc -E
configure:3945: gcc -E  conftest.c
configure:3945: $? = 0
configure:3959: gcc -E  conftest.c
conftest.c:11:28: fatal error: ac_nonexistent.h: No such file or directory
compilation terminated.
configure:3959: $? = 1
configure: failed program was:
| /* confdefs.h */
| #define PACKAGE_NAME "detect-marker"
| #define PACKAGE_TARNAME "detect-marker"
| #define PACKAGE_VERSION "0.0.0"
| #define PACKAGE_STRING "detect-marker 0.0.0"
| #define PACKAGE_BUGREPORT "hbenamor@cc.gatech.edu"
| #define PACKAGE_URL ""
| #define PACKAGE "detect-marker"
| #define VERSION "0.0.0"
| /* end confdefs.h.  */
| #include <ac_nonexistent.h>
configure:3988: checking for grep that handles long lines and -e
configure:4046: result: /bin/grep
configure:4051: checking for egrep
configure:4113: result: /bin/grep -E
configure:4118: checking for ANSI C header files
configure:4138: gcc -c -g -O2  conftest.c >&5
configure:4138: $? = 0
configure:4211: gcc -o conftest -g -O2   conftest.c  >&5
configure:4211: $? = 0
configure:4211: ./conftest
configure:4211: $? = 0
configure:4222: result: yes
configure:4235: checking for sys/types.h
configure:4235: gcc -c -g -O2  conftest.c >&5
configure:4235: $? = 0
configure:4235: result: yes
configure:4235: checking for sys/stat.h
configure:4235: gcc -c -g -O2  conftest.c >&5
configure:4235: $? = 0
configure:4235: result: yes
configure:4235: checking for stdlib.h
configure:4235: gcc -c -g -O2  conftest.c >&5
configure:4235: $? = 0
configure:4235: result: yes
configure:4235: checking for string.h
configure:4235: gcc -c -g -O2  conftest.c >&5
configure:4235: $? = 0
configure:4235: result: yes
configure:4235: checking for memory.h
configure:4235: gcc -c -g -O2  conftest.c >&5
configure:4235: $? = 0
configure:4235: result: yes
configure:4235: checking for strings.h
configure:4235: gcc -c -g -O2  conftest.c >&5
configure:4235: $? = 0
configure:4235: result: yes
configure:4235: checking for inttypes.h
configure:4235: gcc -c -g -O2  conftest.c >&5
configure:4235: $? = 0
configure:4235: result: yes
configure:4235: checking for stdint.h
configure:4235: gcc -c -g -O2  conftest.c >&5
configure:4235: $? = 0
configure:4235: result: yes
configure:4235: checking for unistd.h
configure:4235: gcc -c -g -O2  conftest.c >&5
configure:4235: $? = 0
configure:4235: result: yes
configure:4248: checking minix/config.h usability
configure:4248: gcc -c -g -O2  conftest.c >&5
conftest.c:54:26: fatal error: minix/config.h: No such file or directory
compilation terminated.
configure:4248: $? = 1
configure: failed program was:
| /* confdefs.h */
| #define PACKAGE_NAME "detect-marker"
| #define PACKAGE_TARNAME "detect-marker"
| #define PACKAGE_VERSION "0.0.0"
| #define PACKAGE_STRING "detect-marker 0.0.0"
| #define PACKAGE_BUGREPORT "hbenamor@cc.gatech.edu"
| #define PACKAGE_URL ""
| #define PACKAGE "detect-marker"
| #define VERSION "0.0.0"
| #define STDC_HEADERS 1
| #define HAVE_SYS_TYPES_H 1
| #define HAVE_SYS_STAT_H 1
| #define HAVE_STDLIB_H 1
| #define HAVE_STRING_H 1
| #define HAVE_MEMORY_H 1
| #define HAVE_STRINGS_H 1
| #define HAVE_INTTYPES_H 1
| #define HAVE_STDINT_H 1
| #define HAVE_UNISTD_H 1
| /* end confdefs.h.  */
| #include <stdio.h>
| #ifdef HAVE_SYS_TYPES_H
| # include <sys/types.h>
| #endif
| #ifdef HAVE_SYS_STAT_H
| # include <sys/stat.h>
| #endif
| #ifdef STDC_HEADERS
| # include <stdlib.h>
| # include <stddef.h>
| #else
| # ifdef HAVE_STDLIB_H
| #  include <stdlib.h>
| # endif
| #endif
| #ifdef HAVE_STRING_H
| # if !defined STDC_HEADERS && defined HAVE_MEMORY_H
| #  include <memory.h>
| # endif
| # include <string.h>
| #endif
| #ifdef HAVE_STRINGS_H
| # include <strings.h>
| #endif
| #ifdef HAVE_INTTYPES_H
| # include <inttypes.h>
| #endif
| #ifdef HAVE_STDINT_H
| # include <stdint.h>
| #endif
| #ifdef HAVE_UNISTD_H
| # include <unistd.h>
| #endif
| #include <minix/config.h>
configure:4248: result: no
configure:4248: checking minix/config.h presence
configure:4248: gcc -E  conftest.c
conftest.c:21:26: fatal error: minix/config.h: No such file or directory
compilation terminated.
configure:4248: $? = 1
configure: failed program was:
| /* confdefs.h */
| #define PACKAGE_NAME "detect-marker"
| #define PACKAGE_TARNAME "detect-marker"
| #define PACKAGE_VERSION "0.0.0"
| #define PACKAGE_STRING "detect-marker 0.0.0"
| #define PACKAGE_BUGREPORT "hbenamor@cc.gatech.edu"
| #define PACKAGE_URL ""
| #define PACKAGE "detect-marker"
| #define VERSION "0.0.0"
| #define STDC_HEADERS 1
| #define HAVE_SYS_TYPES_H 1
| #define HAVE_SYS_STAT_H 1
| #define HAVE_STDLIB_H 1
| #define HAVE_STRING_H 1
| #define HAVE_MEMORY_H 1
| #define HAVE_STRINGS_H 1
| #define HAVE_INTTYPES_H 1
| #define HAVE_STDINT_H 1
| #define HAVE_UNISTD_H 1
| /* end confdefs.h.  */
| #include <minix/config.h>
configure:4248: result: no
configure:4248: checking for minix/config.h
configure:4248: result: no
configure:4269: checking whether it is safe to define __EXTENSIONS__
configure:4287: gcc -c -g -O2  conftest.c >&5
configure:4287: $? = 0
configure:4294: result: yes
configure:4356: checking for gcc
configure:4383: result: gcc
configure:4612: checking for C compiler version
configure:4621: gcc --version >&5
gcc (Debian 4.7.2-5) 4.7.2
Copyright (C) 2012 Free Software Foundation, Inc.
This is free software; see the source for copying conditions.  There is NO
warranty; not even for MERCHANTABILITY or FITNESS FOR A PARTICULAR PURPOSE.

configure:4632: $? = 0
configure:4621: gcc -v >&5
Using built-in specs.
COLLECT_GCC=gcc
COLLECT_LTO_WRAPPER=/usr/lib/gcc/x86_64-linux-gnu/4.7/lto-wrapper
Target: x86_64-linux-gnu
Configured with: ../src/configure -v --with-pkgversion='Debian 4.7.2-5' --with-bugurl=file:///usr/share/doc/gcc-4.7/README.Bugs --enable-languages=c,c++,go,fortran,objc,obj-c++ --prefix=/usr --program-suffix=-4.7 --enable-shared --enable-linker-build-id --with-system-zlib --libexecdir=/usr/lib --without-included-gettext --enable-threads=posix --with-gxx-include-dir=/usr/include/c++/4.7 --libdir=/usr/lib --enable-nls --with-sysroot=/ --enable-clocale=gnu --enable-libstdcxx-debug --enable-libstdcxx-time=yes --enable-gnu-unique-object --enable-plugin --enable-objc-gc --with-arch-32=i586 --with-tune=generic --enable-checking=release --build=x86_64-linux-gnu --host=x86_64-linux-gnu --target=x86_64-linux-gnu
Thread model: posix
gcc version 4.7.2 (Debian 4.7.2-5) 
configure:4632: $? = 0
configure:4621: gcc -V >&5
gcc: error: unrecognized command line option '-V'
gcc: fatal error: no input files
compilation terminated.
configure:4632: $? = 4
configure:4621: gcc -qversion >&5
gcc: error: unrecognized command line option '-qversion'
gcc: fatal error: no input files
compilation terminated.
configure:4632: $? = 4
configure:4636: checking whether we are using the GNU C compiler
configure:4664: result: yes
configure:4673: checking whether gcc accepts -g
configure:4734: result: yes
configure:4751: checking for gcc option to accept ISO C89
configure:4827: result: none needed
configure:4849: checking dependency style of gcc
configure:4960: result: gcc3
configure:5033: checking for g++
configure:5049: found /usr/bin/g++
configure:5060: result: g++
configure:5087: checking for C++ compiler version
configure:5096: g++ --version >&5
g++ (Debian 4.7.2-5) 4.7.2
Copyright (C) 2012 Free Software Foundation, Inc.
This is free software; see the source for copying conditions.  There is NO
warranty; not even for MERCHANTABILITY or FITNESS FOR A PARTICULAR PURPOSE.

configure:5107: $? = 0
configure:5096: g++ -v >&5
Using built-in specs.
COLLECT_GCC=g++
COLLECT_LTO_WRAPPER=/usr/lib/gcc/x86_64-linux-gnu/4.7/lto-wrapper
Target: x86_64-linux-gnu
Configured with: ../src/configure -v --with-pkgversion='Debian 4.7.2-5' --with-bugurl=file:///usr/share/doc/gcc-4.7/README.Bugs --enable-languages=c,c++,go,fortran,objc,obj-c++ --prefix=/usr --program-suffix=-4.7 --enable-shared --enable-linker-build-id --with-system-zlib --libexecdir=/usr/lib --without-included-gettext --enable-threads=posix --with-gxx-include-dir=/usr/include/c++/4.7 --libdir=/usr/lib --enable-nls --with-sysroot=/ --enable-clocale=gnu --enable-libstdcxx-debug --enable-libstdcxx-time=yes --enable-gnu-unique-object --enable-plugin --enable-objc-gc --with-arch-32=i586 --with-tune=generic --enable-checking=release --build=x86_64-linux-gnu --host=x86_64-linux-gnu --target=x86_64-linux-gnu
Thread model: posix
gcc version 4.7.2 (Debian 4.7.2-5) 
configure:5107: $? = 0
configure:5096: g++ -V >&5
g++: error: unrecognized command line option '-V'
g++: fatal error: no input files
compilation terminated.
configure:5107: $? = 4
configure:5096: g++ -qversion >&5
g++: error: unrecognized command line option '-qversion'
g++: fatal error: no input files
compilation terminated.
configure:5107: $? = 4
configure:5111: checking whether we are using the GNU C++ compiler
configure:5130: g++ -c   conftest.cpp >&5
configure:5130: $? = 0
configure:5139: result: yes
configure:5148: checking whether g++ accepts -g
configure:5168: g++ -c -g  conftest.cpp >&5
configure:5168: $? = 0
configure:5209: result: yes
configure:5234: checking dependency style of g++
configure:5345: result: gcc3
configure:5361: checking whether gcc and cc understand -c and -o together
configure:5392: gcc -c conftest.c -o conftest2.o >&5
configure:5396: $? = 0
configure:5402: gcc -c conftest.c -o conftest2.o >&5
configure:5406: $? = 0
configure:5417: cc -c conftest.c >&5
configure:5421: $? = 0
configure:5429: cc -c conftest.c -o conftest2.o >&5
configure:5433: $? = 0
configure:5439: cc -c conftest.c -o conftest2.o >&5
configure:5443: $? = 0
configure:5461: result: yes
configure:5515: checking build system type
configure:5529: result: x86_64-unknown-linux-gnu
configure:5549: checking host system type
configure:5562: result: x86_64-unknown-linux-gnu
configure:5603: checking how to print strings
configure:5630: result: printf
configure:5651: checking for a sed that does not truncate output
configure:5715: result: /bin/sed
configure:5733: checking for fgrep
configure:5795: result: /bin/grep -F
configure:5830: checking for ld used by gcc
configure:5897: result: /usr/bin/ld
configure:5904: checking if the linker (/usr/bin/ld) is GNU ld
configure:5919: result: yes
configure:5931: checking for BSD- or MS-compatible name lister (nm)
configure:5980: result: /usr/bin/nm -B
configure:6110: checking the name lister (/usr/bin/nm -B) interface
configure:6117: gcc -c -g -O2  conftest.c >&5
configure:6120: /usr/bin/nm -B "conftest.o"
configure:6123: output
0000000000000000 B some_variable
configure:6130: result: BSD nm
configure:6133: checking whether ln -s works
configure:6137: result: yes
configure:6145: checking the maximum length of command line arguments
configure:6275: result: 1572864
configure:6292: checking whether the shell understands some XSI constructs
configure:6302: result: yes
configure:6306: checking whether the shell understands "+="
configure:6312: result: yes
configure:6347: checking how to convert x86_64-unknown-linux-gnu file names to x86_64-unknown-linux-gnu format
configure:6387: result: func_convert_file_noop
configure:6394: checking how to convert x86_64-unknown-linux-gnu file names to toolchain format
configure:6414: result: func_convert_file_noop
configure:6421: checking for /usr/bin/ld option to reload object files
configure:6428: result: -r
configure:6502: checking for objdump
configure:6518: found /usr/bin/objdump
configure:6529: result: objdump
configure:6561: checking how to recognize dependent libraries
configure:6759: result: pass_all
configure:6844: checking for dlltool
configure:6874: result: no
configure:6904: checking how to associate runtime and link libraries
configure:6931: result: printf %s\n
configure:6991: checking for ar
configure:7007: found /usr/bin/ar
configure:7018: result: ar
configure:7055: checking for archiver @FILE support
configure:7072: gcc -c -g -O2  conftest.c >&5
configure:7072: $? = 0
configure:7075: ar cru libconftest.a @conftest.lst >&5
configure:7078: $? = 0
configure:7083: ar cru libconftest.a @conftest.lst >&5
ar: conftest.o: No such file or directory
configure:7086: $? = 1
configure:7098: result: @
configure:7156: checking for strip
configure:7172: found /usr/bin/strip
configure:7183: result: strip
configure:7255: checking for ranlib
configure:7271: found /usr/bin/ranlib
configure:7282: result: ranlib
configure:7384: checking command to parse /usr/bin/nm -B output from gcc object
configure:7504: gcc -c -g -O2  conftest.c >&5
configure:7507: $? = 0
configure:7511: /usr/bin/nm -B conftest.o \| sed -n -e 's/^.*[ ]\([ABCDGIRSTW][ABCDGIRSTW]*\)[ ][ ]*\([_A-Za-z][_A-Za-z0-9]*\)$/\1 \2 \2/p' | sed '/ __gnu_lto/d' \> conftest.nm
configure:7514: $? = 0
configure:7580: gcc -o conftest -g -O2   conftest.c conftstm.o >&5
configure:7583: $? = 0
configure:7621: result: ok
configure:7658: checking for sysroot
configure:7688: result: no
configure:7765: gcc -c -g -O2  conftest.c >&5
configure:7768: $? = 0
configure:7944: checking for mt
configure:7960: found /bin/mt
configure:7971: result: mt
configure:7994: checking if mt is a manifest tool
configure:8000: mt '-?'
configure:8008: result: no
configure:8647: checking for dlfcn.h
configure:8647: gcc -c -g -O2  conftest.c >&5
configure:8647: $? = 0
configure:8647: result: yes
configure:8864: checking for objdir
configure:8879: result: .libs
configure:9150: checking if gcc supports -fno-rtti -fno-exceptions
configure:9168: gcc -c -g -O2  -fno-rtti -fno-exceptions conftest.c >&5
cc1: warning: command line option '-fno-rtti' is valid for C++/ObjC++ but not for C [enabled by default]
configure:9172: $? = 0
configure:9185: result: no
configure:9512: checking for gcc option to produce PIC
configure:9519: result: -fPIC -DPIC
configure:9527: checking if gcc PIC flag -fPIC -DPIC works
configure:9545: gcc -c -g -O2  -fPIC -DPIC -DPIC conftest.c >&5
configure:9549: $? = 0
configure:9562: result: yes
configure:9591: checking if gcc static flag -static works
configure:9619: result: yes
configure:9634: checking if gcc supports -c -o file.o
configure:9655: gcc -c -g -O2  -o out/conftest2.o conftest.c >&5
configure:9659: $? = 0
configure:9681: result: yes
configure:9689: checking if gcc supports -c -o file.o
configure:9736: result: yes
configure:9769: checking whether the gcc linker (/usr/bin/ld -m elf_x86_64) supports shared libraries
configure:10926: result: yes
configure:10963: checking whether -lc should be explicitly linked in
configure:10971: gcc -c -g -O2  conftest.c >&5
configure:10974: $? = 0
configure:10989: gcc -shared  -fPIC -DPIC conftest.o  -v -Wl,-soname -Wl,conftest -o conftest 2\>\&1 \| /bin/grep  -lc  \>/dev/null 2\>\&1
configure:10992: $? = 0
configure:11006: result: no
configure:11166: checking dynamic linker characteristics
configure:11666: gcc -o conftest -g -O2   -Wl,-rpath -Wl,/foo conftest.c  >&5
configure:11666: $? = 0
configure:11900: result: GNU/Linux ld.so
configure:12007: checking how to hardcode library paths into programs
configure:12032: result: immediate
configure:12572: checking whether stripping libraries is possible
configure:12577: result: yes
configure:12612: checking if libtool supports shared libraries
configure:12614: result: yes
configure:12617: checking whether to build shared libraries
configure:12638: result: yes
configure:12641: checking whether to build static libraries
configure:12645: result: yes
configure:12668: checking how to run the C++ preprocessor
configure:12695: g++ -E  conftest.cpp
configure:12695: $? = 0
configure:12709: g++ -E  conftest.cpp
conftest.cpp:28:28: fatal error: ac_nonexistent.h: No such file or directory
compilation terminated.
configure:12709: $? = 1
configure: failed program was:
| /* confdefs.h */
| #define PACKAGE_NAME "detect-marker"
| #define PACKAGE_TARNAME "detect-marker"
| #define PACKAGE_VERSION "0.0.0"
| #define PACKAGE_STRING "detect-marker 0.0.0"
| #define PACKAGE_BUGREPORT "hbenamor@cc.gatech.edu"
| #define PACKAGE_URL ""
| #define PACKAGE "detect-marker"
| #define VERSION "0.0.0"
| #define STDC_HEADERS 1
| #define HAVE_SYS_TYPES_H 1
| #define HAVE_SYS_STAT_H 1
| #define HAVE_STDLIB_H 1
| #define HAVE_STRING_H 1
| #define HAVE_MEMORY_H 1
| #define HAVE_STRINGS_H 1
| #define HAVE_INTTYPES_H 1
| #define HAVE_STDINT_H 1
| #define HAVE_UNISTD_H 1
| #define __EXTENSIONS__ 1
| #define _ALL_SOURCE 1
| #define _GNU_SOURCE 1
| #define _POSIX_PTHREAD_SEMANTICS 1
| #define _TANDEM_SOURCE 1
| #define HAVE_DLFCN_H 1
| #define LT_OBJDIR ".libs/"
| /* end confdefs.h.  */
| #include <ac_nonexistent.h>
configure:12734: result: g++ -E
configure:12754: g++ -E  conftest.cpp
configure:12754: $? = 0
configure:12768: g++ -E  conftest.cpp
conftest.cpp:28:28: fatal error: ac_nonexistent.h: No such file or directory
compilation terminated.
configure:12768: $? = 1
configure: failed program was:
| /* confdefs.h */
| #define PACKAGE_NAME "detect-marker"
| #define PACKAGE_TARNAME "detect-marker"
| #define PACKAGE_VERSION "0.0.0"
| #define PACKAGE_STRING "detect-marker 0.0.0"
| #define PACKAGE_BUGREPORT "hbenamor@cc.gatech.edu"
| #define PACKAGE_URL ""
| #define PACKAGE "detect-marker"
| #define VERSION "0.0.0"
| #define STDC_HEADERS 1
| #define HAVE_SYS_TYPES_H 1
| #define HAVE_SYS_STAT_H 1
| #define HAVE_STDLIB_H 1
| #define HAVE_STRING_H 1
| #define HAVE_MEMORY_H 1
| #define HAVE_STRINGS_H 1
| #define HAVE_INTTYPES_H 1
| #define HAVE_STDINT_H 1
| #define HAVE_UNISTD_H 1
| #define __EXTENSIONS__ 1
| #define _ALL_SOURCE 1
| #define _GNU_SOURCE 1
| #define _POSIX_PTHREAD_SEMANTICS 1
| #define _TANDEM_SOURCE 1
| #define HAVE_DLFCN_H 1
| #define LT_OBJDIR ".libs/"
| /* end confdefs.h.  */
| #include <ac_nonexistent.h>
configure:12937: checking for ld used by g++
configure:13004: result: /usr/bin/ld -m elf_x86_64
configure:13011: checking if the linker (/usr/bin/ld -m elf_x86_64) is GNU ld
configure:13026: result: yes
configure:13081: checking whether the g++ linker (/usr/bin/ld -m elf_x86_64) supports shared libraries
configure:14083: result: yes
configure:14119: g++ -c -g -O2  conftest.cpp >&5
configure:14122: $? = 0
configure:14642: checking for g++ option to produce PIC
configure:14649: result: -fPIC -DPIC
configure:14657: checking if g++ PIC flag -fPIC -DPIC works
configure:14675: g++ -c -g -O2  -fPIC -DPIC -DPIC conftest.cpp >&5
configure:14679: $? = 0
configure:14692: result: yes
configure:14715: checking if g++ static flag -static works
configure:14743: result: yes
configure:14755: checking if g++ supports -c -o file.o
configure:14776: g++ -c -g -O2  -o out/conftest2.o conftest.cpp >&5
configure:14780: $? = 0
configure:14802: result: yes
configure:14807: checking if g++ supports -c -o file.o
configure:14854: result: yes
configure:14884: checking whether the g++ linker (/usr/bin/ld -m elf_x86_64) supports shared libraries
configure:14923: result: yes
configure:15064: checking dynamic linker characteristics
configure:15732: result: GNU/Linux ld.so
configure:15785: checking how to hardcode library paths into programs
configure:15810: result: immediate
configure:15872: checking for C/C++ restrict keyword
configure:15897: gcc -c -g -O2  conftest.c >&5
configure:15897: $? = 0
configure:15905: result: __restrict
configure:15918: checking for inline
configure:15934: gcc -c -g -O2  conftest.c >&5
configure:15934: $? = 0
configure:15942: result: inline
configure:15960: checking for an ANSI C-conforming const
configure:16026: gcc -c -g -O2  conftest.c >&5
configure:16026: $? = 0
configure:16033: result: yes
configure:16053: checking GL/glut.h usability
configure:16053: gcc -c -g -O2  conftest.c >&5
configure:16053: $? = 0
configure:16053: result: yes
configure:16053: checking GL/glut.h presence
configure:16053: gcc -E  conftest.c
configure:16053: $? = 0
configure:16053: result: yes
configure:16053: checking for GL/glut.h
configure:16053: result: yes
configure:16119: checking for pkg-config
configure:16137: found /usr/bin/pkg-config
configure:16149: result: /usr/bin/pkg-config
configure:16174: checking pkg-config is at least version 0.9.0
configure:16177: result: yes
configure:16187: checking for GLIB
configure:16194: $PKG_CONFIG --exists --print-errors "glib-2.0"
configure:16197: $? = 0
configure:16211: $PKG_CONFIG --exists --print-errors "glib-2.0"
configure:16214: $? = 0
configure:16272: result: yes
configure:16278: checking for GSTREAMER
configure:16285: $PKG_CONFIG --exists --print-errors "gstreamer-0.10"
configure:16288: $? = 0
configure:16302: $PKG_CONFIG --exists --print-errors "gstreamer-0.10"
configure:16305: $? = 0
configure:16363: result: yes
configure:16514: creating ./config.status

## ---------------------- ##
## Running config.status. ##
## ---------------------- ##

This file was extended by detect-marker config.status 0.0.0, which was
generated by GNU Autoconf 2.69.  Invocation command line was

  CONFIG_FILES    = 
  CONFIG_HEADERS  = 
  CONFIG_LINKS    = 
  CONFIG_COMMANDS = 
  $ ./config.status 

on baley

config.status:1154: creating Makefile
config.status:1154: creating config.h
config.status:1335: config.h is unchanged
config.status:1383: executing depfiles commands
config.status:1383: executing libtool commands
configure:19006: 
configure:19008: CONFIGURATION SUMMARY
configure:19010: =====================
configure:19012: PREFIX:          /usr/local
configure:19014: GST LD:          -pthread -lgstreamer-0.10 -lgobject-2.0 -lgmodule-2.0 -lgthread-2.0 -lrt -lxml2 -lglib-2.0  

## ---------------- ##
## Cache variables. ##
## ---------------- ##

ac_cv_build=x86_64-unknown-linux-gnu
ac_cv_c_compiler_gnu=yes
ac_cv_c_const=yes
ac_cv_c_inline=inline
ac_cv_c_restrict=__restrict
ac_cv_cxx_compiler_gnu=yes
ac_cv_env_CCC_set=
ac_cv_env_CCC_value=
ac_cv_env_CC_set=
ac_cv_env_CC_value=
ac_cv_env_CFLAGS_set=
ac_cv_env_CFLAGS_value=
ac_cv_env_CPPFLAGS_set=
ac_cv_env_CPPFLAGS_value=
ac_cv_env_CPP_set=
ac_cv_env_CPP_value=
ac_cv_env_CXXCPP_set=
ac_cv_env_CXXCPP_value=
ac_cv_env_CXXFLAGS_set=
ac_cv_env_CXXFLAGS_value=
ac_cv_env_CXX_set=
ac_cv_env_CXX_value=
ac_cv_env_GLIB_CFLAGS_set=
ac_cv_env_GLIB_CFLAGS_value=
ac_cv_env_GLIB_LIBS_set=
ac_cv_env_GLIB_LIBS_value=
ac_cv_env_GSTREAMER_CFLAGS_set=
ac_cv_env_GSTREAMER_CFLAGS_value=
ac_cv_env_GSTREAMER_LIBS_set=
ac_cv_env_GSTREAMER_LIBS_value=
ac_cv_env_LDFLAGS_set=
ac_cv_env_LDFLAGS_value=
ac_cv_env_LIBS_set=
ac_cv_env_LIBS_value=
ac_cv_env_PKG_CONFIG_LIBDIR_set=
ac_cv_env_PKG_CONFIG_LIBDIR_value=
ac_cv_env_PKG_CONFIG_PATH_set=
ac_cv_env_PKG_CONFIG_PATH_value=
ac_cv_env_PKG_CONFIG_set=
ac_cv_env_PKG_CONFIG_value=
ac_cv_env_build_alias_set=
ac_cv_env_build_alias_value=
ac_cv_env_host_alias_set=
ac_cv_env_host_alias_value=
ac_cv_env_target_alias_set=
ac_cv_env_target_alias_value=
ac_cv_header_GL_glut_h=yes
ac_cv_header_dlfcn_h=yes
ac_cv_header_inttypes_h=yes
ac_cv_header_memory_h=yes
ac_cv_header_minix_config_h=no
ac_cv_header_stdc=yes
ac_cv_header_stdint_h=yes
ac_cv_header_stdlib_h=yes
ac_cv_header_string_h=yes
ac_cv_header_strings_h=yes
ac_cv_header_sys_stat_h=yes
ac_cv_header_sys_types_h=yes
ac_cv_header_unistd_h=yes
ac_cv_host=x86_64-unknown-linux-gnu
ac_cv_objext=o
ac_cv_path_EGREP='/bin/grep -E'
ac_cv_path_FGREP='/bin/grep -F'
ac_cv_path_GREP=/bin/grep
ac_cv_path_SED=/bin/sed
ac_cv_path_ac_pt_PKG_CONFIG=/usr/bin/pkg-config
ac_cv_path_install='/usr/bin/install -c'
ac_cv_path_mkdir=/bin/mkdir
ac_cv_prog_AWK=mawk
ac_cv_prog_CPP='gcc -E'
ac_cv_prog_CXXCPP='g++ -E'
ac_cv_prog_ac_ct_AR=ar
ac_cv_prog_ac_ct_CC=gcc
ac_cv_prog_ac_ct_CXX=g++
ac_cv_prog_ac_ct_MANIFEST_TOOL=mt
ac_cv_prog_ac_ct_OBJDUMP=objdump
ac_cv_prog_ac_ct_RANLIB=ranlib
ac_cv_prog_ac_ct_STRIP=strip
ac_cv_prog_cc_c89=
ac_cv_prog_cc_g=yes
ac_cv_prog_cc_gcc_c_o=yes
ac_cv_prog_cxx_g=yes
ac_cv_prog_make_make_set=yes
ac_cv_safe_to_define___extensions__=yes
am_cv_CC_dependencies_compiler_type=gcc3
am_cv_CXX_dependencies_compiler_type=gcc3
lt_cv_ar_at_file=@
lt_cv_archive_cmds_need_lc=no
lt_cv_deplibs_check_method=pass_all
lt_cv_file_magic_cmd='$MAGIC_CMD'
lt_cv_file_magic_test_file=
lt_cv_ld_reload_flag=-r
lt_cv_nm_interface='BSD nm'
lt_cv_objdir=.libs
lt_cv_path_LD=/usr/bin/ld
lt_cv_path_LDCXX='/usr/bin/ld -m elf_x86_64'
lt_cv_path_NM='/usr/bin/nm -B'
lt_cv_path_mainfest_tool=no
lt_cv_prog_compiler_c_o=yes
lt_cv_prog_compiler_c_o_CXX=yes
lt_cv_prog_compiler_pic='-fPIC -DPIC'
lt_cv_prog_compiler_pic_CXX='-fPIC -DPIC'
lt_cv_prog_compiler_pic_works=yes
lt_cv_prog_compiler_pic_works_CXX=yes
lt_cv_prog_compiler_rtti_exceptions=no
lt_cv_prog_compiler_static_works=yes
lt_cv_prog_compiler_static_works_CXX=yes
lt_cv_prog_gnu_ld=yes
lt_cv_prog_gnu_ldcxx=yes
lt_cv_sharedlib_from_linklib_cmd='printf %s\n'
lt_cv_shlibpath_overrides_runpath=no
lt_cv_sys_global_symbol_pipe='sed -n -e '\''s/^.*[	 ]\([ABCDGIRSTW][ABCDGIRSTW]*\)[	 ][	 ]*\([_A-Za-z][_A-Za-z0-9]*\)$/\1 \2 \2/p'\'' | sed '\''/ __gnu_lto/d'\'''
lt_cv_sys_global_symbol_to_c_name_address='sed -n -e '\''s/^: \([^ ]*\)[ ]*$/  {\"\1\", (void *) 0},/p'\'' -e '\''s/^[ABCDGIRSTW]* \([^ ]*\) \([^ ]*\)$/  {"\2", (void *) \&\2},/p'\'''
lt_cv_sys_global_symbol_to_c_name_address_lib_prefix='sed -n -e '\''s/^: \([^ ]*\)[ ]*$/  {\"\1\", (void *) 0},/p'\'' -e '\''s/^[ABCDGIRSTW]* \([^ ]*\) \(lib[^ ]*\)$/  {"\2", (void *) \&\2},/p'\'' -e '\''s/^[ABCDGIRSTW]* \([^ ]*\) \([^ ]*\)$/  {"lib\2", (void *) \&\2},/p'\'''
lt_cv_sys_global_symbol_to_cdecl='sed -n -e '\''s/^T .* \(.*\)$/extern int \1();/p'\'' -e '\''s/^[ABCDGIRSTW]* .* \(.*\)$/extern char \1;/p'\'''
lt_cv_sys_max_cmd_len=1572864
lt_cv_to_host_file_cmd=func_convert_file_noop
lt_cv_to_tool_file_cmd=func_convert_file_noop
pkg_cv_GLIB_CFLAGS='-I/usr/include/glib-2.0 -I/usr/lib/x86_64-linux-gnu/glib-2.0/include  '
pkg_cv_GLIB_LIBS='-lglib-2.0  '
pkg_cv_GSTREAMER_CFLAGS='-pthread -I/usr/include/gstreamer-0.10 -I/usr/include/glib-2.0 -I/usr/lib/x86_64-linux-gnu/glib-2.0/include -I/usr/include/libxml2  '
pkg_cv_GSTREAMER_LIBS='-pthread -lgstreamer-0.10 -lgobject-2.0 -lgmodule-2.0 -lgthread-2.0 -lrt -lxml2 -lglib-2.0  '

## ----------------- ##
## Output variables. ##
## ----------------- ##

ACLOCAL='${SHELL} /home/hbenamor/Research/kDetect/missing --run aclocal-1.11'
AMDEPBACKSLASH='\'
AMDEP_FALSE='#'
AMDEP_TRUE=''
AMTAR='$${TAR-tar}'
AR='ar'
AUTOCONF='${SHELL} /home/hbenamor/Research/kDetect/missing --run autoconf'
AUTOHEADER='${SHELL} /home/hbenamor/Research/kDetect/missing --run autoheader'
AUTOMAKE='${SHELL} /home/hbenamor/Research/kDetect/missing --run automake-1.11'
AWK='mawk'
CC='gcc'
CCDEPMODE='depmode=gcc3'
CFLAGS='-g -O2 -I/usr/include/glib-2.0 -I/usr/lib/x86_64-linux-gnu/glib-2.0/include   -pthread -I/usr/include/gstreamer-0.10 -I/usr/include/glib-2.0 -I/usr/lib/x86_64-linux-gnu/glib-2.0/include -I/usr/include/libxml2  '
CPP='gcc -E'
CPPFLAGS=''
CXX='g++'
CXXCPP='g++ -E'
CXXDEPMODE='depmode=gcc3'
CXXFLAGS='-g -O2'
CYGPATH_W='echo'
DEFS='-DHAVE_CONFIG_H'
DEPDIR='.deps'
DLLTOOL='false'
DSYMUTIL=''
DUMPBIN=''
ECHO_C=''
ECHO_N='-n'
ECHO_T=''
EGREP='/bin/grep -E'
EXEEXT=''
FGREP='/bin/grep -F'
GLIB_CFLAGS='-I/usr/include/glib-2.0 -I/usr/lib/x86_64-linux-gnu/glib-2.0/include  '
GLIB_LIBS='-lglib-2.0  '
GREP='/bin/grep'
GSTREAMER_CFLAGS='-pthread -I/usr/include/gstreamer-0.10 -I/usr/include/glib-2.0 -I/usr/lib/x86_64-linux-gnu/glib-2.0/include -I/usr/include/libxml2  '
GSTREAMER_LIBS='-pthread -lgstreamer-0.10 -lgobject-2.0 -lgmodule-2.0 -lgthread-2.0 -lrt -lxml2 -lglib-2.0  '
INSTALL_DATA='${INSTALL} -m 644'
INSTALL_PROGRAM='${INSTALL}'
INSTALL_SCRIPT='${INSTALL}'
INSTALL_STRIP_PROGRAM='$(install_sh) -c -s'
LD='/usr/bin/ld -m elf_x86_64'
LDFLAGS=' -lglib-2.0   -pthread -lgstreamer-0.10 -lgobject-2.0 -lgmodule-2.0 -lgthread-2.0 -lrt -lxml2 -lglib-2.0  '
LIBOBJS=''
LIBS=''
LIBTOOL='$(SHELL) $(top_builddir)/libtool'
LIPO=''
LN_S='ln -s'
LTLIBOBJS=''
MAKEINFO='${SHELL} /home/hbenamor/Research/kDetect/missing --run makeinfo'
MANIFEST_TOOL=':'
MKDIR_P='/bin/mkdir -p'
NM='/usr/bin/nm -B'
NMEDIT=''
OBJDUMP='objdump'
OBJEXT='o'
OTOOL64=''
OTOOL=''
PACKAGE='detect-marker'
PACKAGE_BUGREPORT='hbenamor@cc.gatech.edu'
PACKAGE_NAME='detect-marker'
PACKAGE_STRING='detect-marker 0.0.0'
PACKAGE_TARNAME='detect-marker'
PACKAGE_URL=''
PACKAGE_VERSION='0.0.0'
PATH_SEPARATOR=':'
PKG_CONFIG='/usr/bin/pkg-config'
PKG_CONFIG_LIBDIR=''
PKG_CONFIG_PATH=''
RANLIB='ranlib'
SED='/bin/sed'
SET_MAKE=''
SHELL='/bin/bash'
STRIP='strip'
VERSION='0.0.0'
ac_ct_AR='ar'
ac_ct_CC='gcc'
ac_ct_CXX='g++'
ac_ct_DUMPBIN=''
am__EXEEXT_FALSE=''
am__EXEEXT_TRUE='#'
am__fastdepCC_FALSE='#'
am__fastdepCC_TRUE=''
am__fastdepCXX_FALSE='#'
am__fastdepCXX_TRUE=''
am__include='include'
am__isrc=''
am__leading_dot='.'
am__nodep='_no'
am__quote=''
am__tar='$${TAR-tar} chof - "$$tardir"'
am__untar='$${TAR-tar} xf -'
bindir='${exec_prefix}/bin'
build='x86_64-unknown-linux-gnu'
build_alias=''
build_cpu='x86_64'
build_os='linux-gnu'
build_vendor='unknown'
datadir='${datarootdir}'
datarootdir='${prefix}/share'
docdir='${datarootdir}/doc/${PACKAGE_TARNAME}'
dvidir='${docdir}'
exec_prefix='${prefix}'
host='x86_64-unknown-linux-gnu'
host_alias=''
host_cpu='x86_64'
host_os='linux-gnu'
host_vendor='unknown'
htmldir='${docdir}'
includedir='${prefix}/include'
infodir='${datarootdir}/info'
install_sh='${SHELL} /home/hbenamor/Research/kDetect/install-sh'
libdir='${exec_prefix}/lib'
libexecdir='${exec_prefix}/libexec'
localedir='${datarootdir}/locale'
localstatedir='${prefix}/var'
mandir='${datarootdir}/man'
mkdir_p='/bin/mkdir -p'
oldincludedir='/usr/include'
pdfdir='${docdir}'
prefix='/usr/local'
program_transform_name='s,x,x,'
psdir='${docdir}'
sbindir='${exec_prefix}/sbin'
sharedstatedir='${prefix}/com'
sysconfdir='${prefix}/etc'
target_alias=''

## ----------- ##
## confdefs.h. ##
## ----------- ##

/* confdefs.h */
#define PACKAGE_NAME "detect-marker"
#define PACKAGE_TARNAME "detect-marker"
#define PACKAGE_VERSION "0.0.0"
#define PACKAGE_STRING "detect-marker 0.0.0"
#define PACKAGE_BUGREPORT "hbenamor@cc.gatech.edu"
#define PACKAGE_URL ""
#define PACKAGE "detect-marker"
#define VERSION "0.0.0"
#define STDC_HEADERS 1
#define HAVE_SYS_TYPES_H 1
#define HAVE_SYS_STAT_H 1
#define HAVE_STDLIB_H 1
#define HAVE_STRING_H 1
#define HAVE_MEMORY_H 1
#define HAVE_STRINGS_H 1
#define HAVE_INTTYPES_H 1
#define HAVE_STDINT_H 1
#define HAVE_UNISTD_H 1
#define __EXTENSIONS__ 1
#define _ALL_SOURCE 1
#define _GNU_SOURCE 1
#define _POSIX_PTHREAD_SEMANTICS 1
#define _TANDEM_SOURCE 1
#define HAVE_DLFCN_H 1
#define LT_OBJDIR ".libs/"
#define restrict __restrict
#define HAVE_GL_GLUT_H 1

configure: exit 0

## ---------------------- ##
## Running config.status. ##
## ---------------------- ##

This file was extended by detect-marker config.status 0.0.0, which was
generated by GNU Autoconf 2.69.  Invocation command line was

  CONFIG_FILES    = 
  CONFIG_HEADERS  = 
  CONFIG_LINKS    = 
  CONFIG_COMMANDS = 
  $ ./config.status Makefile depfiles

on baley

config.status:1154: creating Makefile
config.status:1383: executing depfiles commands

## ---------------------- ##
## Running config.status. ##
## ---------------------- ##

This file was extended by detect-marker config.status 0.0.0, which was
generated by GNU Autoconf 2.69.  Invocation command line was

  CONFIG_FILES    = 
  CONFIG_HEADERS  = 
  CONFIG_LINKS    = 
  CONFIG_COMMANDS = 
  $ ./config.status Makefile depfiles

on baley

config.status:1154: creating Makefile
config.status:1383: executing depfiles commands

## ---------------------- ##
## Running config.status. ##
## ---------------------- ##

This file was extended by detect-marker config.status 0.0.0, which was
generated by GNU Autoconf 2.69.  Invocation command line was

  CONFIG_FILES    = 
  CONFIG_HEADERS  = 
  CONFIG_LINKS    = 
  CONFIG_COMMANDS = 
  $ ./config.status Makefile depfiles

on baley

config.status:1154: creating Makefile
config.status:1383: executing depfiles commands

## ---------------------- ##
## Running config.status. ##
## ---------------------- ##

This file was extended by detect-marker config.status 0.0.0, which was
generated by GNU Autoconf 2.69.  Invocation command line was

  CONFIG_FILES    = 
  CONFIG_HEADERS  = 
  CONFIG_LINKS    = 
  CONFIG_COMMANDS = 
  $ ./config.status Makefile depfiles

on baley

config.status:1154: creating Makefile
config.status:1383: executing depfiles commands

## ---------------------- ##
## Running config.status. ##
## ---------------------- ##

This file was extended by detect-marker config.status 0.0.0, which was
generated by GNU Autoconf 2.69.  Invocation command line was

  CONFIG_FILES    = 
  CONFIG_HEADERS  = 
  CONFIG_LINKS    = 
  CONFIG_COMMANDS = 
  $ ./config.status Makefile depfiles

on baley

config.status:1154: creating Makefile
config.status:1383: executing depfiles commands

## ---------------------- ##
## Running config.status. ##
## ---------------------- ##

This file was extended by detect-marker config.status 0.0.0, which was
generated by GNU Autoconf 2.69.  Invocation command line was

  CONFIG_FILES    = 
  CONFIG_HEADERS  = 
  CONFIG_LINKS    = 
  CONFIG_COMMANDS = 
  $ ./config.status Makefile depfiles

on baley

config.status:1154: creating Makefile
config.status:1383: executing depfiles commands

## ---------------------- ##
## Running config.status. ##
## ---------------------- ##

This file was extended by detect-marker config.status 0.0.0, which was
generated by GNU Autoconf 2.69.  Invocation command line was

  CONFIG_FILES    = 
  CONFIG_HEADERS  = 
  CONFIG_LINKS    = 
  CONFIG_COMMANDS = 
  $ ./config.status Makefile depfiles

on baley

config.status:1154: creating Makefile
config.status:1383: executing depfiles commands

## ---------------------- ##
## Running config.status. ##
## ---------------------- ##

This file was extended by detect-marker config.status 0.0.0, which was
generated by GNU Autoconf 2.69.  Invocation command line was

  CONFIG_FILES    = 
  CONFIG_HEADERS  = 
  CONFIG_LINKS    = 
  CONFIG_COMMANDS = 
  $ ./config.status Makefile depfiles

on baley

config.status:1154: creating Makefile
config.status:1383: executing depfiles commands

## ---------------------- ##
## Running config.status. ##
## ---------------------- ##

This file was extended by detect-marker config.status 0.0.0, which was
generated by GNU Autoconf 2.69.  Invocation command line was

  CONFIG_FILES    = 
  CONFIG_HEADERS  = 
  CONFIG_LINKS    = 
  CONFIG_COMMANDS = 
  $ ./config.status Makefile depfiles

on baley

config.status:1154: creating Makefile
config.status:1383: executing depfiles commands

## ---------------------- ##
## Running config.status. ##
## ---------------------- ##

This file was extended by detect-marker config.status 0.0.0, which was
generated by GNU Autoconf 2.69.  Invocation command line was

  CONFIG_FILES    = 
  CONFIG_HEADERS  = 
  CONFIG_LINKS    = 
  CONFIG_COMMANDS = 
  $ ./config.status Makefile depfiles

on baley

config.status:1154: creating Makefile
config.status:1383: executing depfiles commands

## ---------------------- ##
## Running config.status. ##
## ---------------------- ##

This file was extended by detect-marker config.status 0.0.0, which was
generated by GNU Autoconf 2.69.  Invocation command line was

  CONFIG_FILES    = 
  CONFIG_HEADERS  = 
  CONFIG_LINKS    = 
  CONFIG_COMMANDS = 
  $ ./config.status Makefile depfiles

on baley

config.status:1154: creating Makefile
config.status:1383: executing depfiles commands

## ---------------------- ##
## Running config.status. ##
## ---------------------- ##

This file was extended by detect-marker config.status 0.0.0, which was
generated by GNU Autoconf 2.69.  Invocation command line was

  CONFIG_FILES    = 
  CONFIG_HEADERS  = 
  CONFIG_LINKS    = 
  CONFIG_COMMANDS = 
  $ ./config.status Makefile depfiles

on baley

config.status:1154: creating Makefile
config.status:1383: executing depfiles commands

## ---------------------- ##
## Running config.status. ##
## ---------------------- ##

This file was extended by detect-marker config.status 0.0.0, which was
generated by GNU Autoconf 2.69.  Invocation command line was

  CONFIG_FILES    = 
  CONFIG_HEADERS  = 
  CONFIG_LINKS    = 
  CONFIG_COMMANDS = 
  $ ./config.status Makefile depfiles

on baley

config.status:1154: creating Makefile
config.status:1383: executing depfiles commands

## ---------------------- ##
## Running config.status. ##
## ---------------------- ##

This file was extended by detect-marker config.status 0.0.0, which was
generated by GNU Autoconf 2.69.  Invocation command line was

  CONFIG_FILES    = 
  CONFIG_HEADERS  = 
  CONFIG_LINKS    = 
  CONFIG_COMMANDS = 
  $ ./config.status Makefile depfiles

on baley

config.status:1154: creating Makefile
config.status:1383: executing depfiles commands

## ---------------------- ##
## Running config.status. ##
## ---------------------- ##

This file was extended by detect-marker config.status 0.0.0, which was
generated by GNU Autoconf 2.69.  Invocation command line was

  CONFIG_FILES    = 
  CONFIG_HEADERS  = 
  CONFIG_LINKS    = 
  CONFIG_COMMANDS = 
  $ ./config.status Makefile depfiles

on baley

config.status:1154: creating Makefile
config.status:1383: executing depfiles commands

## ---------------------- ##
## Running config.status. ##
## ---------------------- ##

This file was extended by detect-marker config.status 0.0.0, which was
generated by GNU Autoconf 2.69.  Invocation command line was

  CONFIG_FILES    = 
  CONFIG_HEADERS  = 
  CONFIG_LINKS    = 
  CONFIG_COMMANDS = 
  $ ./config.status Makefile depfiles

on baley

config.status:1154: creating Makefile
config.status:1383: executing depfiles commands
